  Program 7 - Scooter Objects.cpp
C:\Users\SBL-Loaner\OneDrive - South Dakota State University - SDSU\#SDSU Courses\CSC 250\CSC250-SDSU-Work-with-Cpp\Homeworks and Projects\Program 7 - Scooter Objects\Program 7 - Scooter Objects.cpp(48,10): fatal  error C1083: Cannot open include file: 'Scooter.h': No such file or directory
  Scooter.cpp
C:\Users\SBL-Loaner\OneDrive - South Dakota State University - SDSU\#SDSU Courses\CSC 250\CSC250-SDSU-Work-with-Cpp\Homeworks and Projects\Program 7 - Scooter Objects\Scooter.cpp(5,1): error C2653: 'Scooter': is not a class or namespace name
C:\Users\SBL-Loaner\OneDrive - South Dakota State University - SDSU\#SDSU Courses\CSC 250\CSC250-SDSU-Work-with-Cpp\Homeworks and Projects\Program 7 - Scooter Objects\Scooter.cpp(5,20): error C4430: missing type specifier - int assumed. Note: C++ does not support default-int
C:\Users\SBL-Loaner\OneDrive - South Dakota State University - SDSU\#SDSU Courses\CSC 250\CSC250-SDSU-Work-with-Cpp\Homeworks and Projects\Program 7 - Scooter Objects\Scooter.cpp(6,2): error C2065: 'type': undeclared identifier
C:\Users\SBL-Loaner\OneDrive - South Dakota State University - SDSU\#SDSU Courses\CSC 250\CSC250-SDSU-Work-with-Cpp\Homeworks and Projects\Program 7 - Scooter Objects\Scooter.cpp(7,2): error C2065: 'max_speed': undeclared identifier
C:\Users\SBL-Loaner\OneDrive - South Dakota State University - SDSU\#SDSU Courses\CSC 250\CSC250-SDSU-Work-with-Cpp\Homeworks and Projects\Program 7 - Scooter Objects\Scooter.cpp(8,2): error C2065: 'current_speed': undeclared identifier
C:\Users\SBL-Loaner\OneDrive - South Dakota State University - SDSU\#SDSU Courses\CSC 250\CSC250-SDSU-Work-with-Cpp\Homeworks and Projects\Program 7 - Scooter Objects\Scooter.cpp(9,1): warning C4508: 'Scooter': function should return a value; 'void' return type assumed
C:\Users\SBL-Loaner\OneDrive - South Dakota State University - SDSU\#SDSU Courses\CSC 250\CSC250-SDSU-Work-with-Cpp\Homeworks and Projects\Program 7 - Scooter Objects\Scooter.cpp(12,1): error C2653: 'Scooter': is not a class or namespace name
C:\Users\SBL-Loaner\OneDrive - South Dakota State University - SDSU\#SDSU Courses\CSC 250\CSC250-SDSU-Work-with-Cpp\Homeworks and Projects\Program 7 - Scooter Objects\Scooter.cpp(12,25): error C4430: missing type specifier - int assumed. Note: C++ does not support default-int
C:\Users\SBL-Loaner\OneDrive - South Dakota State University - SDSU\#SDSU Courses\CSC 250\CSC250-SDSU-Work-with-Cpp\Homeworks and Projects\Program 7 - Scooter Objects\Scooter.cpp(12,10): error C2365: 'Scooter': redefinition; previous definition was 'function'
C:\Users\SBL-Loaner\OneDrive - South Dakota State University - SDSU\#SDSU Courses\CSC 250\CSC250-SDSU-Work-with-Cpp\Homeworks and Projects\Program 7 - Scooter Objects\Scooter.cpp(5,10): message : see declaration of 'Scooter'
C:\Users\SBL-Loaner\OneDrive - South Dakota State University - SDSU\#SDSU Courses\CSC 250\CSC250-SDSU-Work-with-Cpp\Homeworks and Projects\Program 7 - Scooter Objects\Scooter.cpp(12,18): error C2065: 'string': undeclared identifier
C:\Users\SBL-Loaner\OneDrive - South Dakota State University - SDSU\#SDSU Courses\CSC 250\CSC250-SDSU-Work-with-Cpp\Homeworks and Projects\Program 7 - Scooter Objects\Scooter.cpp(12,25): error C2146: syntax error: missing ')' before identifier 'userTypeAndModel'
C:\Users\SBL-Loaner\OneDrive - South Dakota State University - SDSU\#SDSU Courses\CSC 250\CSC250-SDSU-Work-with-Cpp\Homeworks and Projects\Program 7 - Scooter Objects\Scooter.cpp(12,63): error C2143: syntax error: missing ';' before '{'
C:\Users\SBL-Loaner\OneDrive - South Dakota State University - SDSU\#SDSU Courses\CSC 250\CSC250-SDSU-Work-with-Cpp\Homeworks and Projects\Program 7 - Scooter Objects\Scooter.cpp(12,63): error C2447: '{': missing function header (old-style formal list?)
C:\Users\SBL-Loaner\OneDrive - South Dakota State University - SDSU\#SDSU Courses\CSC 250\CSC250-SDSU-Work-with-Cpp\Homeworks and Projects\Program 7 - Scooter Objects\Scooter.cpp(19,8): error C2653: 'Scooter': is not a class or namespace name
C:\Users\SBL-Loaner\OneDrive - South Dakota State University - SDSU\#SDSU Courses\CSC 250\CSC250-SDSU-Work-with-Cpp\Homeworks and Projects\Program 7 - Scooter Objects\Scooter.cpp(19,24): error C4430: missing type specifier - int assumed. Note: C++ does not support default-int
C:\Users\SBL-Loaner\OneDrive - South Dakota State University - SDSU\#SDSU Courses\CSC 250\CSC250-SDSU-Work-with-Cpp\Homeworks and Projects\Program 7 - Scooter Objects\Scooter.cpp(19,17): error C2146: syntax error: missing ';' before identifier 'getType'
C:\Users\SBL-Loaner\OneDrive - South Dakota State University - SDSU\#SDSU Courses\CSC 250\CSC250-SDSU-Work-with-Cpp\Homeworks and Projects\Program 7 - Scooter Objects\Scooter.cpp(19,27): error C2143: syntax error: missing ';' before '{'
C:\Users\SBL-Loaner\OneDrive - South Dakota State University - SDSU\#SDSU Courses\CSC 250\CSC250-SDSU-Work-with-Cpp\Homeworks and Projects\Program 7 - Scooter Objects\Scooter.cpp(19,27): error C2447: '{': missing function header (old-style formal list?)
C:\Users\SBL-Loaner\OneDrive - South Dakota State University - SDSU\#SDSU Courses\CSC 250\CSC250-SDSU-Work-with-Cpp\Homeworks and Projects\Program 7 - Scooter Objects\Scooter.cpp(23,7): error C2653: 'Scooter': is not a class or namespace name
C:\Users\SBL-Loaner\OneDrive - South Dakota State University - SDSU\#SDSU Courses\CSC 250\CSC250-SDSU-Work-with-Cpp\Homeworks and Projects\Program 7 - Scooter Objects\Scooter.cpp(24,9): error C2065: 'max_speed': undeclared identifier
C:\Users\SBL-Loaner\OneDrive - South Dakota State University - SDSU\#SDSU Courses\CSC 250\CSC250-SDSU-Work-with-Cpp\Homeworks and Projects\Program 7 - Scooter Objects\Scooter.cpp(27,7): error C2653: 'Scooter': is not a class or namespace name
C:\Users\SBL-Loaner\OneDrive - South Dakota State University - SDSU\#SDSU Courses\CSC 250\CSC250-SDSU-Work-with-Cpp\Homeworks and Projects\Program 7 - Scooter Objects\Scooter.cpp(28,9): error C2065: 'current_speed': undeclared identifier
C:\Users\SBL-Loaner\OneDrive - South Dakota State University - SDSU\#SDSU Courses\CSC 250\CSC250-SDSU-Work-with-Cpp\Homeworks and Projects\Program 7 - Scooter Objects\Scooter.cpp(32,6): error C2653: 'Scooter': is not a class or namespace name
C:\Users\SBL-Loaner\OneDrive - South Dakota State University - SDSU\#SDSU Courses\CSC 250\CSC250-SDSU-Work-with-Cpp\Homeworks and Projects\Program 7 - Scooter Objects\Scooter.cpp(32,15): error C2182: 'setType': this use of 'void' is not valid
C:\Users\SBL-Loaner\OneDrive - South Dakota State University - SDSU\#SDSU Courses\CSC 250\CSC250-SDSU-Work-with-Cpp\Homeworks and Projects\Program 7 - Scooter Objects\Scooter.cpp(32,30): error C2146: syntax error: missing ')' before identifier 'userTypeAndModel'
C:\Users\SBL-Loaner\OneDrive - South Dakota State University - SDSU\#SDSU Courses\CSC 250\CSC250-SDSU-Work-with-Cpp\Homeworks and Projects\Program 7 - Scooter Objects\Scooter.cpp(32,48): error C2143: syntax error: missing ';' before '{'
C:\Users\SBL-Loaner\OneDrive - South Dakota State University - SDSU\#SDSU Courses\CSC 250\CSC250-SDSU-Work-with-Cpp\Homeworks and Projects\Program 7 - Scooter Objects\Scooter.cpp(32,48): error C2447: '{': missing function header (old-style formal list?)
C:\Users\SBL-Loaner\OneDrive - South Dakota State University - SDSU\#SDSU Courses\CSC 250\CSC250-SDSU-Work-with-Cpp\Homeworks and Projects\Program 7 - Scooter Objects\Scooter.cpp(36,6): error C2653: 'Scooter': is not a class or namespace name
C:\Users\SBL-Loaner\OneDrive - South Dakota State University - SDSU\#SDSU Courses\CSC 250\CSC250-SDSU-Work-with-Cpp\Homeworks and Projects\Program 7 - Scooter Objects\Scooter.cpp(37,2): error C2065: 'max_speed': undeclared identifier
C:\Users\SBL-Loaner\OneDrive - South Dakota State University - SDSU\#SDSU Courses\CSC 250\CSC250-SDSU-Work-with-Cpp\Homeworks and Projects\Program 7 - Scooter Objects\Scooter.cpp(40,6): error C2653: 'Scooter': is not a class or namespace name
C:\Users\SBL-Loaner\OneDrive - South Dakota State University - SDSU\#SDSU Courses\CSC 250\CSC250-SDSU-Work-with-Cpp\Homeworks and Projects\Program 7 - Scooter Objects\Scooter.cpp(41,2): error C2065: 'current_speed': undeclared identifier
C:\Users\SBL-Loaner\OneDrive - South Dakota State University - SDSU\#SDSU Courses\CSC 250\CSC250-SDSU-Work-with-Cpp\Homeworks and Projects\Program 7 - Scooter Objects\Scooter.cpp(44,6): error C2653: 'Scooter': is not a class or namespace name
C:\Users\SBL-Loaner\OneDrive - South Dakota State University - SDSU\#SDSU Courses\CSC 250\CSC250-SDSU-Work-with-Cpp\Homeworks and Projects\Program 7 - Scooter Objects\Scooter.cpp(45,6): error C2065: 'current_speed': undeclared identifier
C:\Users\SBL-Loaner\OneDrive - South Dakota State University - SDSU\#SDSU Courses\CSC 250\CSC250-SDSU-Work-with-Cpp\Homeworks and Projects\Program 7 - Scooter Objects\Scooter.cpp(45,22): error C2065: 'max_speed': undeclared identifier
C:\Users\SBL-Loaner\OneDrive - South Dakota State University - SDSU\#SDSU Courses\CSC 250\CSC250-SDSU-Work-with-Cpp\Homeworks and Projects\Program 7 - Scooter Objects\Scooter.cpp(46,3): error C2065: 'current_speed': undeclared identifier
C:\Users\SBL-Loaner\OneDrive - South Dakota State University - SDSU\#SDSU Courses\CSC 250\CSC250-SDSU-Work-with-Cpp\Homeworks and Projects\Program 7 - Scooter Objects\Scooter.cpp(46,20): error C2065: 'ACCEL': undeclared identifier
C:\Users\SBL-Loaner\OneDrive - South Dakota State University - SDSU\#SDSU Courses\CSC 250\CSC250-SDSU-Work-with-Cpp\Homeworks and Projects\Program 7 - Scooter Objects\Scooter.cpp(49,3): error C2065: 'cout': undeclared identifier
C:\Users\SBL-Loaner\OneDrive - South Dakota State University - SDSU\#SDSU Courses\CSC 250\CSC250-SDSU-Work-with-Cpp\Homeworks and Projects\Program 7 - Scooter Objects\Scooter.cpp(49,46): error C2065: 'endl': undeclared identifier
C:\Users\SBL-Loaner\OneDrive - South Dakota State University - SDSU\#SDSU Courses\CSC 250\CSC250-SDSU-Work-with-Cpp\Homeworks and Projects\Program 7 - Scooter Objects\Scooter.cpp(53,6): error C2653: 'Scooter': is not a class or namespace name
C:\Users\SBL-Loaner\OneDrive - South Dakota State University - SDSU\#SDSU Courses\CSC 250\CSC250-SDSU-Work-with-Cpp\Homeworks and Projects\Program 7 - Scooter Objects\Scooter.cpp(54,6): error C2065: 'current_speed': undeclared identifier
C:\Users\SBL-Loaner\OneDrive - South Dakota State University - SDSU\#SDSU Courses\CSC 250\CSC250-SDSU-Work-with-Cpp\Homeworks and Projects\Program 7 - Scooter Objects\Scooter.cpp(55,3): error C2065: 'current_speed': undeclared identifier
C:\Users\SBL-Loaner\OneDrive - South Dakota State University - SDSU\#SDSU Courses\CSC 250\CSC250-SDSU-Work-with-Cpp\Homeworks and Projects\Program 7 - Scooter Objects\Scooter.cpp(55,20): error C2065: 'DECEL': undeclared identifier
C:\Users\SBL-Loaner\OneDrive - South Dakota State University - SDSU\#SDSU Courses\CSC 250\CSC250-SDSU-Work-with-Cpp\Homeworks and Projects\Program 7 - Scooter Objects\Scooter.cpp(58,3): error C2065: 'cout': undeclared identifier
C:\Users\SBL-Loaner\OneDrive - South Dakota State University - SDSU\#SDSU Courses\CSC 250\CSC250-SDSU-Work-with-Cpp\Homeworks and Projects\Program 7 - Scooter Objects\Scooter.cpp(58,41): error C2065: 'endl': undeclared identifier
C:\Users\SBL-Loaner\OneDrive - South Dakota State University - SDSU\#SDSU Courses\CSC 250\CSC250-SDSU-Work-with-Cpp\Homeworks and Projects\Program 7 - Scooter Objects\Scooter.cpp(62,6): error C2653: 'Scooter': is not a class or namespace name
C:\Users\SBL-Loaner\OneDrive - South Dakota State University - SDSU\#SDSU Courses\CSC 250\CSC250-SDSU-Work-with-Cpp\Homeworks and Projects\Program 7 - Scooter Objects\Scooter.cpp(63,3): error C2065: 'cout': undeclared identifier
C:\Users\SBL-Loaner\OneDrive - South Dakota State University - SDSU\#SDSU Courses\CSC 250\CSC250-SDSU-Work-with-Cpp\Homeworks and Projects\Program 7 - Scooter Objects\Scooter.cpp(63,34): error C2065: 'current_speed': undeclared identifier
C:\Users\SBL-Loaner\OneDrive - South Dakota State University - SDSU\#SDSU Courses\CSC 250\CSC250-SDSU-Work-with-Cpp\Homeworks and Projects\Program 7 - Scooter Objects\Scooter.cpp(63,62): error C2065: 'flush': undeclared identifier
C:\Users\SBL-Loaner\OneDrive - South Dakota State University - SDSU\#SDSU Courses\CSC 250\CSC250-SDSU-Work-with-Cpp\Homeworks and Projects\Program 7 - Scooter Objects\Scooter.cpp(64,3): error C2653: 'this_thread': is not a class or namespace name
C:\Users\SBL-Loaner\OneDrive - South Dakota State University - SDSU\#SDSU Courses\CSC 250\CSC250-SDSU-Work-with-Cpp\Homeworks and Projects\Program 7 - Scooter Objects\Scooter.cpp(64,26): error C2653: 'chrono': is not a class or namespace name
C:\Users\SBL-Loaner\OneDrive - South Dakota State University - SDSU\#SDSU Courses\CSC 250\CSC250-SDSU-Work-with-Cpp\Homeworks and Projects\Program 7 - Scooter Objects\Scooter.cpp(64,34): error C3861: 'milliseconds': identifier not found
C:\Users\SBL-Loaner\OneDrive - South Dakota State University - SDSU\#SDSU Courses\CSC 250\CSC250-SDSU-Work-with-Cpp\Homeworks and Projects\Program 7 - Scooter Objects\Scooter.cpp(64,16): error C3861: 'sleep_for': identifier not found
C:\Users\SBL-Loaner\OneDrive - South Dakota State University - SDSU\#SDSU Courses\CSC 250\CSC250-SDSU-Work-with-Cpp\Homeworks and Projects\Program 7 - Scooter Objects\Scooter.cpp(71,6): error C2653: 'Scooter': is not a class or namespace name
C:\Users\SBL-Loaner\OneDrive - South Dakota State University - SDSU\#SDSU Courses\CSC 250\CSC250-SDSU-Work-with-Cpp\Homeworks and Projects\Program 7 - Scooter Objects\Scooter.cpp(72,2): error C2065: 'current_speed': undeclared identifier
  Generating Code...
